Using pre-set license
Built from '2021.3/staging' branch; Version is '2021.3.11f1 (0a5ca18544bf) revision 679073'; Using compiler version '192829333'; Build Type 'Release'
OS: 'Windows 10  (10.0.19045) 64bit Professional' Language: 'ko' Physical Memory: 32509 MB
BatchMode: 1, IsHumanControllingUs: 0, StartBugReporterOnCrash: 0, Is64bit: 1, IsPro: 1

COMMAND LINE ARGUMENTS:
C:\Program Files\Unity\Hub\Editor\2021.3.11f1\Editor\Unity.exe
-adb2
-batchMode
-noUpm
-name
AssetImportWorker0
-projectPath
D:/LectureCamp
-logFile
Logs/AssetImportWorker0.log
-srvPort
5358
Successfully changed project path to: D:/LectureCamp
D:/LectureCamp
[UnityMemory] Configuration Parameters - Can be set up in boot.config
    "memorysetup-bucket-allocator-granularity=16"
    "memorysetup-bucket-allocator-bucket-count=8"
    "memorysetup-bucket-allocator-block-size=33554432"
    "memorysetup-bucket-allocator-block-count=8"
    "memorysetup-main-allocator-block-size=16777216"
    "memorysetup-thread-allocator-block-size=16777216"
    "memorysetup-gfx-main-allocator-block-size=16777216"
    "memorysetup-gfx-thread-allocator-block-size=16777216"
    "memorysetup-cache-allocator-block-size=4194304"
    "memorysetup-typetree-allocator-block-size=2097152"
    "memorysetup-profiler-bucket-allocator-granularity=16"
    "memorysetup-profiler-bucket-allocator-bucket-count=8"
    "memorysetup-profiler-bucket-allocator-block-size=33554432"
    "memorysetup-profiler-bucket-allocator-block-count=8"
    "memorysetup-profiler-allocator-block-size=16777216"
    "memorysetup-profiler-editor-allocator-block-size=1048576"
    "memorysetup-temp-allocator-size-main=16777216"
    "memorysetup-job-temp-allocator-block-size=2097152"
    "memorysetup-job-temp-allocator-block-size-background=1048576"
    "memorysetup-job-temp-allocator-reduction-small-platforms=262144"
    "memorysetup-temp-allocator-size-background-worker=32768"
    "memorysetup-temp-allocator-size-job-worker=262144"
    "memorysetup-temp-allocator-size-preload-manager=33554432"
    "memorysetup-temp-allocator-size-nav-mesh-worker=65536"
    "memorysetup-temp-allocator-size-audio-worker=65536"
    "memorysetup-temp-allocator-size-cloud-worker=32768"
    "memorysetup-temp-allocator-size-gi-baking-worker=262144"
    "memorysetup-temp-allocator-size-gfx=262144"
Refreshing native plugins compatible for Editor in 92.00 ms, found 3 plugins.
Preloading 0 native plugins for Editor in 0.00 ms.
Initialize engine version: 2021.3.11f1 (0a5ca18544bf)
[Subsystems] Discovering subsystems at path C:/Program Files/Unity/Hub/Editor/2021.3.11f1/Editor/Data/Resources/UnitySubsystems
[Subsystems] Discovering subsystems at path D:/LectureCamp/Assets
GfxDevice: creating device client; threaded=0; jobified=0
Direct3D:
    Version:  Direct3D 11.0 [level 11.1]
    Renderer: NVIDIA GeForce RTX 3050 (ID=0x2507)
    Vendor:   NVIDIA
    VRAM:     8070 MB
    Driver:   31.0.15.2225
Initialize mono
Mono path[0] = 'C:/Program Files/Unity/Hub/Editor/2021.3.11f1/Editor/Data/Managed'
Mono path[1] = 'C:/Program Files/Unity/Hub/Editor/2021.3.11f1/Editor/Data/MonoBleedingEdge/lib/mono/unityjit-win32'
Mono config path = 'C:/Program Files/Unity/Hub/Editor/2021.3.11f1/Editor/Data/MonoBleedingEdge/etc'
Using monoOptions --debugger-agent=transport=dt_socket,embedding=1,server=y,suspend=n,address=127.0.0.1:56392
Begin MonoManager ReloadAssembly
Registering precompiled unity dll's ...
Register platform support module: C:/Program Files/Unity/Hub/Editor/2021.3.11f1/Editor/Data/PlaybackEngines/AndroidPlayer/UnityEditor.Android.Extensions.dll
Register platform support module: C:/Program Files/Unity/Hub/Editor/2021.3.11f1/Editor/Data/PlaybackEngines/WindowsStandaloneSupport/UnityEditor.WindowsStandalone.Extensions.dll
Registered in 0.027338 seconds.
Native extension for WindowsStandalone target not found
Native extension for Android target not found
Refreshing native plugins compatible for Editor in 89.53 ms, found 3 plugins.
Preloading 0 native plugins for Editor in 0.00 ms.
Mono: successfully reloaded assembly
- Completed reload, in  0.896 seconds
Domain Reload Profiling:
	ReloadAssembly (897ms)
		BeginReloadAssembly (159ms)
			ExecutionOrderSort (0ms)
			DisableScriptedObjects (0ms)
			BackupInstance (0ms)
			ReleaseScriptingObjects (0ms)
			CreateAndSetChildDomain (1ms)
		EndReloadAssembly (544ms)
			LoadAssemblies (146ms)
			RebuildTransferFunctionScriptingTraits (0ms)
			SetupTypeCache (117ms)
			ReleaseScriptCaches (0ms)
			RebuildScriptCaches (28ms)
			SetupLoadedEditorAssemblies (314ms)
				LogAssemblyErrors (0ms)
				InitializePlatformSupportModulesInManaged (70ms)
				SetLoadedEditorAssemblies (0ms)
				RefreshPlugins (90ms)
				BeforeProcessingInitializeOnLoad (1ms)
				ProcessInitializeOnLoadAttributes (101ms)
				ProcessInitializeOnLoadMethodAttributes (52ms)
				AfterProcessingInitializeOnLoad (0ms)
				EditorAssembliesLoaded (0ms)
			ExecutionOrderSort2 (0ms)
			AwakeInstancesAfterBackupRestoration (0ms)
Platform modules already initialized, skipping
Registering precompiled user dll's ...
Registered in 0.009885 seconds.
Begin MonoManager ReloadAssembly
Symbol file LoadedFromMemory doesn't match image D:\LectureCamp\Library\PackageCache\com.unity.visualscripting@1.7.8\Editor\VisualScripting.Core\Dependencies\YamlDotNet\Unity.VisualScripting.YamlDotNet.dll
Symbol file LoadedFromMemory doesn't match image D:\LectureCamp\Library\PackageCache\com.unity.visualscripting@1.7.8\Editor\VisualScripting.Core\Dependencies\DotNetZip\Unity.VisualScripting.IonicZip.dll
Native extension for WindowsStandalone target not found
Native extension for Android target not found
Refreshing native plugins compatible for Editor in 0.75 ms, found 3 plugins.
Preloading 0 native plugins for Editor in 0.00 ms.
Mono: successfully reloaded assembly
- Completed reload, in  2.241 seconds
Domain Reload Profiling:
	ReloadAssembly (2242ms)
		BeginReloadAssembly (1056ms)
			ExecutionOrderSort (0ms)
			DisableScriptedObjects (6ms)
			BackupInstance (0ms)
			ReleaseScriptingObjects (0ms)
			CreateAndSetChildDomain (888ms)
		EndReloadAssembly (1002ms)
			LoadAssemblies (168ms)
			RebuildTransferFunctionScriptingTraits (0ms)
			SetupTypeCache (282ms)
			ReleaseScriptCaches (0ms)
			RebuildScriptCaches (57ms)
			SetupLoadedEditorAssemblies (482ms)
				LogAssemblyErrors (0ms)
				InitializePlatformSupportModulesInManaged (26ms)
				SetLoadedEditorAssemblies (0ms)
				RefreshPlugins (1ms)
				BeforeProcessingInitializeOnLoad (132ms)
				ProcessInitializeOnLoadAttributes (245ms)
				ProcessInitializeOnLoadMethodAttributes (30ms)
				AfterProcessingInitializeOnLoad (46ms)
				EditorAssembliesLoaded (0ms)
			ExecutionOrderSort2 (0ms)
			AwakeInstancesAfterBackupRestoration (11ms)
Platform modules already initialized, skipping
========================================================================
Worker process is ready to serve import requests
Launched and connected shader compiler UnityShaderCompiler.exe after 0.04 seconds
Refreshing native plugins compatible for Editor in 0.65 ms, found 3 plugins.
Preloading 0 native plugins for Editor in 0.00 ms.
Unloading 3546 Unused Serialized files (Serialized files now loaded: 0)
Unloading 39 unused Assets / (1.4 MB). Loaded Objects now: 4001.
Memory consumption went from 139.0 MB to 137.6 MB.
Total: 3.452300 ms (FindLiveObjects: 0.395900 ms CreateObjectMapping: 0.111500 ms MarkObjects: 2.671300 ms  DeleteObjects: 0.272700 ms)

AssetImportParameters requested are different than current active one (requested -> active):
  custom:video-decoder-ogg-theora: a1e56fd34408186e4bbccfd4996cb3dc -> 
  custom:container-muxer-webm: aa71ff27fc2769a1b78a27578f13a17b -> 
  custom:container-demuxer-webm: 4f35f7cbe854078d1ac9338744f61a02 -> 
  custom:video-encoder-webm-vp8: eb34c28f22e8b96e1ab97ce403110664 -> 
  custom:audio-encoder-webm-vorbis: bf7c407c2cedff20999df2af8eb42d56 -> 
  custom:framework-win-MediaFoundation: 216162199b28c13a410421893ffa2e32 -> 
  custom:container-demuxer-ogg: 62fdf1f143b41e24485cea50d1cbac27 -> 
  custom:video-decoder-webm-vp8: 9c59270c3fd7afecdb556c50c9e8de78 -> 
  custom:audio-decoder-ogg-vorbis: bf7c407c2cedff20999df2af8eb42d56 -> 
========================================================================
Received Import Request.
  Time since last request: 11241.944525 seconds.
  path: Assets/Scenes/stage4.unity
  artifactKey: Guid(2ce41b2eb7c02064c9eeec7e94d2e237) Importer(815301076,1909f56bfc062723c751e8b465ee728b)
Start importing Assets/Scenes/stage4.unity using Guid(2ce41b2eb7c02064c9eeec7e94d2e237) Importer(815301076,1909f56bfc062723c751e8b465ee728b)  -> (artifact id: 'f1c94fdc8bd06517ffd2b5699e0e8ab6') in 0.011842 seconds 
========================================================================
Received Import Request.
  Time since last request: 36.582957 seconds.
  path: Assets/Scenes/stage3.unity
  artifactKey: Guid(671cc3cb97066f940ad1667f30940f40) Importer(815301076,1909f56bfc062723c751e8b465ee728b)
Start importing Assets/Scenes/stage3.unity using Guid(671cc3cb97066f940ad1667f30940f40) Importer(815301076,1909f56bfc062723c751e8b465ee728b)  -> (artifact id: 'c36279f995d7b82d00407c9be60ce383') in 0.003955 seconds 
========================================================================
Received Import Request.
  Time since last request: 12.913256 seconds.
  path: Assets/Scenes/stage2.unity
  artifactKey: Guid(83b89809c9a97174b889192f3c5732ac) Importer(815301076,1909f56bfc062723c751e8b465ee728b)
Start importing Assets/Scenes/stage2.unity using Guid(83b89809c9a97174b889192f3c5732ac) Importer(815301076,1909f56bfc062723c751e8b465ee728b)  -> (artifact id: '0e3c17f5f917d12318b5178726dace2a') in 0.003517 seconds 
========================================================================
Received Import Request.
  Time since last request: 50.454611 seconds.
  path: Assets/Scenes/stage4.unity
  artifactKey: Guid(2ce41b2eb7c02064c9eeec7e94d2e237) Importer(815301076,1909f56bfc062723c751e8b465ee728b)
Start importing Assets/Scenes/stage4.unity using Guid(2ce41b2eb7c02064c9eeec7e94d2e237) Importer(815301076,1909f56bfc062723c751e8b465ee728b)  -> (artifact id: 'b0cd2ad2f1373207fa7fe0ffd692bc75') in 0.003376 seconds 
========================================================================
Received Import Request.
  Time since last request: 42.010464 seconds.
  path: Assets/Scenes/stage6.unity
  artifactKey: Guid(70c51a0fa37b44e4e8ba7e800ec75316) Importer(815301076,1909f56bfc062723c751e8b465ee728b)
Start importing Assets/Scenes/stage6.unity using Guid(70c51a0fa37b44e4e8ba7e800ec75316) Importer(815301076,1909f56bfc062723c751e8b465ee728b)  -> (artifact id: '00a8de8def825830406010bb9f088108') in 0.003293 seconds 
========================================================================
Received Import Request.
  Time since last request: 2.865687 seconds.
  path: Assets/Scenes/stage5.unity
  artifactKey: Guid(61e68407d64446b4893f4ab4cf4f3a0a) Importer(815301076,1909f56bfc062723c751e8b465ee728b)
Start importing Assets/Scenes/stage5.unity using Guid(61e68407d64446b4893f4ab4cf4f3a0a) Importer(815301076,1909f56bfc062723c751e8b465ee728b)  -> (artifact id: 'c0909b4f5347f9c986cf69cf859b1858') in 0.003540 seconds 
========================================================================
Received Import Request.
  Time since last request: 3.573188 seconds.
  path: Assets/Scenes/stage3.unity
  artifactKey: Guid(671cc3cb97066f940ad1667f30940f40) Importer(815301076,1909f56bfc062723c751e8b465ee728b)
Start importing Assets/Scenes/stage3.unity using Guid(671cc3cb97066f940ad1667f30940f40) Importer(815301076,1909f56bfc062723c751e8b465ee728b)  -> (artifact id: 'da9ee06d65a239cbd91784734cb1ceb0') in 0.003889 seconds 
========================================================================
Received Import Request.
  Time since last request: 0.880714 seconds.
  path: Assets/Scenes/stage2.unity
  artifactKey: Guid(83b89809c9a97174b889192f3c5732ac) Importer(815301076,1909f56bfc062723c751e8b465ee728b)
Start importing Assets/Scenes/stage2.unity using Guid(83b89809c9a97174b889192f3c5732ac) Importer(815301076,1909f56bfc062723c751e8b465ee728b)  -> (artifact id: 'f0de0b51b5cb8b35d3d4f3160c410e05') in 0.005243 seconds 
========================================================================
Received Import Request.
  Time since last request: 0.790827 seconds.
  path: Assets/Scenes/stage1.unity
  artifactKey: Guid(22c608e79459398458d0e4cdb316e61e) Importer(815301076,1909f56bfc062723c751e8b465ee728b)
Start importing Assets/Scenes/stage1.unity using Guid(22c608e79459398458d0e4cdb316e61e) Importer(815301076,1909f56bfc062723c751e8b465ee728b)  -> (artifact id: '7d19d176163b5317883e031a06589c51') in 0.003349 seconds 
========================================================================
Received Import Request.
  Time since last request: 15.544800 seconds.
  path: Assets/Scenes/Intro.unity
  artifactKey: Guid(fcd6dc0fa6c51c548bfc55fde9225af6) Importer(815301076,1909f56bfc062723c751e8b465ee728b)
Start importing Assets/Scenes/Intro.unity using Guid(fcd6dc0fa6c51c548bfc55fde9225af6) Importer(815301076,1909f56bfc062723c751e8b465ee728b)  -> (artifact id: 'be19fbe7c5f8d4e528310118b810449b') in 0.004014 seconds 
========================================================================
Received Prepare
Refreshing native plugins compatible for Editor in 6.90 ms, found 3 plugins.
Preloading 0 native plugins for Editor in 0.00 ms.
Unloading 32 Unused Serialized files (Serialized files now loaded: 0)
Unloading 32 unused Assets / (1.3 MB). Loaded Objects now: 4001.
Memory consumption went from 65.2 MB to 63.8 MB.
Total: 3.000800 ms (FindLiveObjects: 0.402400 ms CreateObjectMapping: 0.106200 ms MarkObjects: 2.249700 ms  DeleteObjects: 0.241700 ms)

AssetImportParameters requested are different than current active one (requested -> active):
  custom:video-decoder-ogg-theora: a1e56fd34408186e4bbccfd4996cb3dc -> 
  custom:container-muxer-webm: aa71ff27fc2769a1b78a27578f13a17b -> 
  custom:container-demuxer-webm: 4f35f7cbe854078d1ac9338744f61a02 -> 
  custom:video-encoder-webm-vp8: eb34c28f22e8b96e1ab97ce403110664 -> 
  custom:audio-encoder-webm-vorbis: bf7c407c2cedff20999df2af8eb42d56 -> 
  custom:framework-win-MediaFoundation: 216162199b28c13a410421893ffa2e32 -> 
  custom:container-demuxer-ogg: 62fdf1f143b41e24485cea50d1cbac27 -> 
  custom:video-decoder-webm-vp8: 9c59270c3fd7afecdb556c50c9e8de78 -> 
  custom:audio-decoder-ogg-vorbis: bf7c407c2cedff20999df2af8eb42d56 -> 
